<testsuites tests="4" failures="1" disabled="0" errors="0" timestamp="2016-02-06T05:41:17"  name="What">
  <testsuite name="What if This Suite Passes" tests="2" failures="0" time="0.03">
    <testcase name="This is test 1" status="run" time="0.01" classname="WHAT Suite"/>
	  <testcase name="This is test 2" status="run" time="0.02" classname="WHAT Suite"/>
    <testcase name="This is test 3" status="run" time="0.010" classname="WHAT Suite" />
	  <testcase name="This is test 4: Ouch!" status="run" time="0.040" classname="WHAT Suite">
      <failure message="ouch_code.*:102&#x0A;Value of: 2&#x0A;Expected: 1&#x0A;Example failure messages" type="">
	    <![CDATA[../ouch_code.*:102
         Value of: 2
         Expected: 1
         Typically here there can be A LOT MORE information used for debugging the failure. ]]>
	  </failure>
    </testcase>
  </testsuite>
</testsuites>